<?xml version="1.0" encoding="UTF-8"?>
<!-- Generated by org.testng.reporters.JUnitXMLReporter -->
<testsuite hostname="RDG" failures="0" tests="3" name="CrmPro Test Cases" time="96.619" errors="0" timestamp="19 Aug 2019 13:34:29 GMT">
  <testcase classname="com.akkuandidiot.tests.LoginPageTest" name="loginPageTittleTest" time="0.115"/>
  <testcase classname="com.akkuandidiot.tests.LoginPageTest" name="loginPageLogoTest" time="0.529"/>
  <testcase classname="com.akkuandidiot.tests.LoginPageTest" name="loginPageLoginTest" time="9.276"/>
</testsuite> <!-- CrmPro Test Cases -->
