<?xml version="1.0" encoding="UTF-8"?>
<!-- Generated by org.testng.reporters.JUnitXMLReporter -->
<testsuite hostname="RDG" failures="0" tests="3" name="Command line test" time="169.621" errors="0" timestamp="19 Aug 2019 13:51:57 GMT">
  <testcase classname="com.akkuandidiot.tests.LoginPageTest" name="loginPageTittleTest" time="0.107"/>
  <testcase classname="com.akkuandidiot.tests.LoginPageTest" name="loginPageLogoTest" time="2.091"/>
  <testcase classname="com.akkuandidiot.tests.LoginPageTest" name="loginPageLoginTest" time="20.109"/>
</testsuite> <!-- Command line test -->
