<?xml version="1.0" encoding="UTF-8"?>
<testng-results total="3" passed="3" failed="0" skipped="0">
  <reporter-output>
  </reporter-output>
  <suite started-at="2019-08-19T13:49:04Z" name="Command line suite" finished-at="2019-08-19T13:51:54Z" duration-ms="169621">
    <groups>
    </groups>
    <test started-at="2019-08-19T13:49:04Z" name="Command line test" finished-at="2019-08-19T13:51:54Z" duration-ms="169621">
      <class name="com.akkuandidiot.tests.LoginPageTest">
        <test-method is-config="true" signature="setUp()[pri:0, instance:com.akkuandidiot.tests.LoginPageTest@6121c9d6]" started-at="2019-08-19T19:19:04Z" name="setUp" finished-at="2019-08-19T19:20:09Z" duration-ms="64833" status="PASS">
          <reporter-output>
          </reporter-output>
        </test-method> <!-- setUp -->
        <test-method signature="loginPageTittleTest()[pri:0, instance:com.akkuandidiot.tests.LoginPageTest@6121c9d6]" started-at="2019-08-19T19:20:09Z" name="loginPageTittleTest" finished-at="2019-08-19T19:20:09Z" duration-ms="107" status="PASS">
          <reporter-output>
          </reporter-output>
        </test-method> <!-- loginPageTittleTest -->
        <test-method is-config="true" signature="tearDown()[pri:0, instance:com.akkuandidiot.tests.LoginPageTest@6121c9d6]" started-at="2019-08-19T19:20:09Z" name="tearDown" finished-at="2019-08-19T19:20:10Z" duration-ms="1137" status="PASS">
          <reporter-output>
          </reporter-output>
        </test-method> <!-- tearDown -->
        <test-method is-config="true" signature="setUp()[pri:0, instance:com.akkuandidiot.tests.LoginPageTest@6121c9d6]" started-at="2019-08-19T19:20:10Z" name="setUp" finished-at="2019-08-19T19:20:56Z" duration-ms="45639" status="PASS">
          <reporter-output>
          </reporter-output>
        </test-method> <!-- setUp -->
        <test-method signature="loginPageLogoTest()[pri:0, instance:com.akkuandidiot.tests.LoginPageTest@6121c9d6]" started-at="2019-08-19T19:20:56Z" name="loginPageLogoTest" finished-at="2019-08-19T19:20:58Z" duration-ms="2091" status="PASS">
          <reporter-output>
          </reporter-output>
        </test-method> <!-- loginPageLogoTest -->
        <test-method is-config="true" signature="tearDown()[pri:0, instance:com.akkuandidiot.tests.LoginPageTest@6121c9d6]" started-at="2019-08-19T19:20:58Z" name="tearDown" finished-at="2019-08-19T19:20:59Z" duration-ms="1318" status="PASS">
          <reporter-output>
          </reporter-output>
        </test-method> <!-- tearDown -->
        <test-method is-config="true" signature="setUp()[pri:0, instance:com.akkuandidiot.tests.LoginPageTest@6121c9d6]" started-at="2019-08-19T19:20:59Z" name="setUp" finished-at="2019-08-19T19:21:32Z" duration-ms="32580" status="PASS">
          <reporter-output>
          </reporter-output>
        </test-method> <!-- setUp -->
        <test-method signature="loginPageLoginTest()[pri:0, instance:com.akkuandidiot.tests.LoginPageTest@6121c9d6]" started-at="2019-08-19T19:21:32Z" name="loginPageLoginTest" finished-at="2019-08-19T19:21:52Z" duration-ms="20109" status="PASS">
          <reporter-output>
          </reporter-output>
        </test-method> <!-- loginPageLoginTest -->
        <test-method is-config="true" signature="tearDown()[pri:0, instance:com.akkuandidiot.tests.LoginPageTest@6121c9d6]" started-at="2019-08-19T19:21:52Z" name="tearDown" finished-at="2019-08-19T19:21:54Z" duration-ms="1781" status="PASS">
          <reporter-output>
          </reporter-output>
        </test-method> <!-- tearDown -->
      </class> <!-- com.akkuandidiot.tests.LoginPageTest -->
    </test> <!-- Command line test -->
  </suite> <!-- Command line suite -->
</testng-results>
