<?xml version="1.0" encoding="UTF-8"?>
<testng-results total="3" passed="3" failed="0" skipped="0">
  <reporter-output>
  </reporter-output>
  <suite started-at="2019-08-19T13:32:51Z" name="CrmPro Application Test automation suite" finished-at="2019-08-19T13:34:28Z" duration-ms="96619">
    <groups>
    </groups>
    <test started-at="2019-08-19T13:32:51Z" name="CrmPro Test Cases" finished-at="2019-08-19T13:34:28Z" duration-ms="96619">
      <class name="com.akkuandidiot.tests.LoginPageTest">
        <test-method is-config="true" signature="setUp()[pri:0, instance:com.akkuandidiot.tests.LoginPageTest@143640d5]" started-at="2019-08-19T19:02:52Z" name="setUp" finished-at="2019-08-19T19:03:34Z" duration-ms="42355" status="PASS">
          <reporter-output>
          </reporter-output>
        </test-method> <!-- setUp -->
        <test-method signature="loginPageTittleTest()[pri:0, instance:com.akkuandidiot.tests.LoginPageTest@143640d5]" started-at="2019-08-19T19:03:34Z" name="loginPageTittleTest" finished-at="2019-08-19T19:03:34Z" duration-ms="115" status="PASS">
          <reporter-output>
          </reporter-output>
        </test-method> <!-- loginPageTittleTest -->
        <test-method is-config="true" signature="tearDown()[pri:0, instance:com.akkuandidiot.tests.LoginPageTest@143640d5]" started-at="2019-08-19T19:03:34Z" name="tearDown" finished-at="2019-08-19T19:03:35Z" duration-ms="1173" status="PASS">
          <reporter-output>
          </reporter-output>
        </test-method> <!-- tearDown -->
        <test-method is-config="true" signature="setUp()[pri:0, instance:com.akkuandidiot.tests.LoginPageTest@143640d5]" started-at="2019-08-19T19:03:35Z" name="setUp" finished-at="2019-08-19T19:03:59Z" duration-ms="23505" status="PASS">
          <reporter-output>
          </reporter-output>
        </test-method> <!-- setUp -->
        <test-method signature="loginPageLogoTest()[pri:0, instance:com.akkuandidiot.tests.LoginPageTest@143640d5]" started-at="2019-08-19T19:03:59Z" name="loginPageLogoTest" finished-at="2019-08-19T19:03:59Z" duration-ms="529" status="PASS">
          <reporter-output>
          </reporter-output>
        </test-method> <!-- loginPageLogoTest -->
        <test-method is-config="true" signature="tearDown()[pri:0, instance:com.akkuandidiot.tests.LoginPageTest@143640d5]" started-at="2019-08-19T19:03:59Z" name="tearDown" finished-at="2019-08-19T19:04:00Z" duration-ms="837" status="PASS">
          <reporter-output>
          </reporter-output>
        </test-method> <!-- tearDown -->
        <test-method is-config="true" signature="setUp()[pri:0, instance:com.akkuandidiot.tests.LoginPageTest@143640d5]" started-at="2019-08-19T19:04:00Z" name="setUp" finished-at="2019-08-19T19:04:18Z" duration-ms="17812" status="PASS">
          <reporter-output>
          </reporter-output>
        </test-method> <!-- setUp -->
        <test-method signature="loginPageLoginTest()[pri:0, instance:com.akkuandidiot.tests.LoginPageTest@143640d5]" started-at="2019-08-19T19:04:18Z" name="loginPageLoginTest" finished-at="2019-08-19T19:04:27Z" duration-ms="9276" status="PASS">
          <reporter-output>
          </reporter-output>
        </test-method> <!-- loginPageLoginTest -->
        <test-method is-config="true" signature="tearDown()[pri:0, instance:com.akkuandidiot.tests.LoginPageTest@143640d5]" started-at="2019-08-19T19:04:27Z" name="tearDown" finished-at="2019-08-19T19:04:28Z" duration-ms="955" status="PASS">
          <reporter-output>
          </reporter-output>
        </test-method> <!-- tearDown -->
      </class> <!-- com.akkuandidiot.tests.LoginPageTest -->
    </test> <!-- CrmPro Test Cases -->
  </suite> <!-- CrmPro Application Test automation suite -->
</testng-results>
